  FixedGridItem.cpp
  Game.cpp
  GridItem.cpp
  Mouse.cpp
  MovableGridItem.cpp
  Nut.cpp
  Player.cpp
  RandomNumberGenerator.cpp
  Score.cpp
  Snake.cpp
  Source.cpp
  Tail.cpp
  Underground.cpp
  Generating Code...
raylib_static.lib(core.obj) : warning LNK4099: PDB 'raylib_static.pdb' was not found with 'raylib_static.lib(core.obj)' or at 'C:\Users\andre\Documents\Mouse n' Snake\Debug\raylib_static.pdb'; linking object as if no debug info
raylib_static.lib(shapes.obj) : warning LNK4099: PDB 'raylib_static.pdb' was not found with 'raylib_static.lib(shapes.obj)' or at 'C:\Users\andre\Documents\Mouse n' Snake\Debug\raylib_static.pdb'; linking object as if no debug info
raylib_static.lib(text.obj) : warning LNK4099: PDB 'raylib_static.pdb' was not found with 'raylib_static.lib(text.obj)' or at 'C:\Users\andre\Documents\Mouse n' Snake\Debug\raylib_static.pdb'; linking object as if no debug info
raylib_static.lib(textures.obj) : warning LNK4099: PDB 'raylib_static.pdb' was not found with 'raylib_static.lib(textures.obj)' or at 'C:\Users\andre\Documents\Mouse n' Snake\Debug\raylib_static.pdb'; linking object as if no debug info
raylib_static.lib(utils.obj) : warning LNK4099: PDB 'raylib_static.pdb' was not found with 'raylib_static.lib(utils.obj)' or at 'C:\Users\andre\Documents\Mouse n' Snake\Debug\raylib_static.pdb'; linking object as if no debug info
raylib_static.lib(context.obj) : warning LNK4099: PDB 'glfw_objlib.pdb' was not found with 'raylib_static.lib(context.obj)' or at 'C:\Users\andre\Documents\Mouse n' Snake\Debug\glfw_objlib.pdb'; linking object as if no debug info
raylib_static.lib(init.obj) : warning LNK4099: PDB 'glfw_objlib.pdb' was not found with 'raylib_static.lib(init.obj)' or at 'C:\Users\andre\Documents\Mouse n' Snake\Debug\glfw_objlib.pdb'; linking object as if no debug info
raylib_static.lib(input.obj) : warning LNK4099: PDB 'glfw_objlib.pdb' was not found with 'raylib_static.lib(input.obj)' or at 'C:\Users\andre\Documents\Mouse n' Snake\Debug\glfw_objlib.pdb'; linking object as if no debug info
raylib_static.lib(monitor.obj) : warning LNK4099: PDB 'glfw_objlib.pdb' was not found with 'raylib_static.lib(monitor.obj)' or at 'C:\Users\andre\Documents\Mouse n' Snake\Debug\glfw_objlib.pdb'; linking object as if no debug info
raylib_static.lib(vulkan.obj) : warning LNK4099: PDB 'glfw_objlib.pdb' was not found with 'raylib_static.lib(vulkan.obj)' or at 'C:\Users\andre\Documents\Mouse n' Snake\Debug\glfw_objlib.pdb'; linking object as if no debug info
raylib_static.lib(window.obj) : warning LNK4099: PDB 'glfw_objlib.pdb' was not found with 'raylib_static.lib(window.obj)' or at 'C:\Users\andre\Documents\Mouse n' Snake\Debug\glfw_objlib.pdb'; linking object as if no debug info
raylib_static.lib(win32_init.obj) : warning LNK4099: PDB 'glfw_objlib.pdb' was not found with 'raylib_static.lib(win32_init.obj)' or at 'C:\Users\andre\Documents\Mouse n' Snake\Debug\glfw_objlib.pdb'; linking object as if no debug info
raylib_static.lib(win32_joystick.obj) : warning LNK4099: PDB 'glfw_objlib.pdb' was not found with 'raylib_static.lib(win32_joystick.obj)' or at 'C:\Users\andre\Documents\Mouse n' Snake\Debug\glfw_objlib.pdb'; linking object as if no debug info
raylib_static.lib(win32_monitor.obj) : warning LNK4099: PDB 'glfw_objlib.pdb' was not found with 'raylib_static.lib(win32_monitor.obj)' or at 'C:\Users\andre\Documents\Mouse n' Snake\Debug\glfw_objlib.pdb'; linking object as if no debug info
raylib_static.lib(win32_time.obj) : warning LNK4099: PDB 'glfw_objlib.pdb' was not found with 'raylib_static.lib(win32_time.obj)' or at 'C:\Users\andre\Documents\Mouse n' Snake\Debug\glfw_objlib.pdb'; linking object as if no debug info
raylib_static.lib(win32_thread.obj) : warning LNK4099: PDB 'glfw_objlib.pdb' was not found with 'raylib_static.lib(win32_thread.obj)' or at 'C:\Users\andre\Documents\Mouse n' Snake\Debug\glfw_objlib.pdb'; linking object as if no debug info
raylib_static.lib(win32_window.obj) : warning LNK4099: PDB 'glfw_objlib.pdb' was not found with 'raylib_static.lib(win32_window.obj)' or at 'C:\Users\andre\Documents\Mouse n' Snake\Debug\glfw_objlib.pdb'; linking object as if no debug info
raylib_static.lib(wgl_context.obj) : warning LNK4099: PDB 'glfw_objlib.pdb' was not found with 'raylib_static.lib(wgl_context.obj)' or at 'C:\Users\andre\Documents\Mouse n' Snake\Debug\glfw_objlib.pdb'; linking object as if no debug info
raylib_static.lib(egl_context.obj) : warning LNK4099: PDB 'glfw_objlib.pdb' was not found with 'raylib_static.lib(egl_context.obj)' or at 'C:\Users\andre\Documents\Mouse n' Snake\Debug\glfw_objlib.pdb'; linking object as if no debug info
raylib_static.lib(osmesa_context.obj) : warning LNK4099: PDB 'glfw_objlib.pdb' was not found with 'raylib_static.lib(osmesa_context.obj)' or at 'C:\Users\andre\Documents\Mouse n' Snake\Debug\glfw_objlib.pdb'; linking object as if no debug info
  OOP Task 1a.vcxproj -> C:\Users\andre\Documents\Mouse n' Snake\Debug\OOP Task 1a.exe
